20220927_185830  {"gameId":"ZenAlien2013_20220927-185830-905650-80801", "installationId":"ZenAlien2013"}
20220927_185830    admin results: 0 {"gameId":"ZenAlien2013_20220927-185830-905650-80801", "installationId":"ZenAlien2013"}
Border square#: 0  "Payday"
20220927_185830  admin: add player Don DWB 40 10 50
20220927_185830  _evaluate: self.add("player","Don","DWB",40,10,50)
20220927_185830  Player "Don" "DWB number: 0" added
20220927_185830    admin results: 0 Player "Don" "DWB number: 0" added
Border square#: 0  "Payday"
20220927_185830  admin: start
20220927_185830  _evaluate: self.start()
20220927_185830  Starting game ZenAlien2013_20220927-185830-905650-80801
20220927_185830    admin results: 0 Starting game ZenAlien2013_20220927-185830-905650-80801
Border square#: 0  "Payday"
20220927_185833  DWB: roll
20220927_185833  _evaluate: self.roll()
20220927_185833   DWB  rolled 10 [4, 6]
20220927_185833  DWB landed on Opportunity  (10)
20220927_185833    DWB results: 0 DWB landed on Opportunity  (10)
Added Opportunity: OPPORTUNITY to go on Spring Break!
Border square#: 10  "Opportunity"
20220927_185836  DWB: roll
20220927_185836  _evaluate: self.roll()
20220927_185836   DWB  rolled 8 [6, 2]
20220927_185836  DWB landed on Disney  (18)
20220927_185836    DWB results: 0 DWB landed on Disney  (18)

Border square#: 18  "Disney"
20220927_185848  DWB: roll
20220927_185848  _evaluate: self.roll()
20220927_185848   DWB  rolled 8 [3, 5]
20220927_185848  DWB landed on ShoppingSpree  (26)
20220927_185848    DWB results: 0 DWB landed on ShoppingSpree  (26)
danger_square ShoppingSpree execute not yet implemented
Border square#: 26  "ShoppingSpree"
20220927_185850  DWB: roll
20220927_185850  _evaluate: self.roll()
20220927_185850   DWB  rolled 5 [4, 1]
20220927_185850  DWB landed on Opportunity  (31)
20220927_185850    DWB results: 0 DWB landed on Opportunity  (31)
Added Opportunity: SPECIAL OPPORTUNITY to buy needed padding! Advance to EXPERIENCE square and buy at least 1 and up to 3 EXPERIENCE cards.
Border square#: 31  "Opportunity"
20220927_185853  DWB: roll
20220927_185853  _evaluate: self.roll()
20220927_185853   DWB  rolled 6 [2, 4]
20220927_185853  DWB landed on Opportunity  (37)
20220927_185853    DWB results: 0 DWB landed on Opportunity  (37)
Added Opportunity: SPECIAL OPPORTUNITY to Get an Extra Turn
Play at the start of your turn
Border square#: 37  "Opportunity"
20220927_185857  DWB: roll
20220927_185857  _evaluate: self.roll()
20220927_185857   DWB  rolled 7 [5, 2]
20220927_185857  Player DWB passed Payday
Collect Salary as you pass PAYDAY
 Collect DOUBLE if you land here
20220927_185857  DWB landed on IncomeTax  (2)
20220927_185857    DWB results: 0 Player DWB passed Payday
Collect Salary as you pass PAYDAY
 Collect DOUBLE if you land here
DWB landed on IncomeTax  (2)
danger_square IncomeTax execute not yet implemented
Border square#: 2  "IncomeTax"
20220927_185902  DWB: roll
20220927_185902  _evaluate: self.roll()
20220927_185902   DWB  rolled 7 [4, 3]
20220927_185902  DWB landed on Hospital  (9)
20220927_185902    DWB results: 0 DWB landed on Hospital  (9)
Player DWB: You are LAID UP until you throw 5 or less
or pay the Pharmacist/Paymaster 1/2 your salary for experimental drugs.
Border square#: 9  "Hospital"
20220927_185904  DWB: roll
20220927_185904  _evaluate: self.roll()
20220927_185904   DWB  rolled 5 [3, 2]
20220927_185904  DWB landed on Opportunity  (14)
20220927_185904    DWB results: 0 DWB landed on Opportunity  (14)
Added Opportunity: TRAVEL OPPORTUNITY Advance to the nearest Amtrak Station and roll again.
Border square#: 14  "Opportunity"
20220927_185907  DWB: roll
20220927_185907  _evaluate: self.roll()
20220927_185907   DWB  rolled 6 [1, 5]
20220927_185907  DWB landed on BuyExperience  (20)
20220927_185907    DWB results: 4 DWB landed on BuyExperience  (20)

Border square#: 20  "BuyExperience"
20220927_185910  DWB: roll
20220927_185910  _evaluate: self.roll()
20220927_185910   DWB  rolled 7 [1, 6]
20220927_185910  DWB landed on Facebook  (27)
20220927_185910    DWB results: 0 DWB landed on Facebook  (27)

Border square#: 27  "Facebook"
20220927_185916  DWB: status
20220927_185916  _evaluate: self.status()
20220927_185916    DWB results: 0 salary:2000, Cash: 4000,  Fame: 0, Happiness: 0, 
Insured: False, Unemployed: False, Sick: True
Success Formula: Money: $50,000  Fame: 40  Happiness: 10
Border square#: 27  "Facebook"
20220927_185923  DWB: list opportunity
20220927_185923  _evaluate: self.list("opportunity")
20220927_185923    DWB results: 0 1.  19: OPPORTUNITY to go on Spring Break!
2.  22: SPECIAL OPPORTUNITY to buy needed padding! Advance to EXPERIENCE square and buy at least 1 and up to 3 EXPERIENCE cards.
3.  27: SPECIAL OPPORTUNITY to Get an Extra Turn
Play at the start of your turn
4.  23: TRAVEL OPPORTUNITY Advance to the nearest Amtrak Station and roll again.

Border square#: 27  "Facebook"
20220927_185933  DWB: roll
20220927_185933  _evaluate: self.roll()
20220927_185933   DWB  rolled 6 [5, 1]
20220927_185933  DWB landed on Google  (33)
20220927_185933    DWB results: 0 DWB landed on Google  (33)

Border square#: 33  "Google"
20220927_185942  DWB: enter Google
20220927_185942  _evaluate: self.enter("Google")
20220927_185942    DWB results: 0 You are on square# 33: Google
Must have: $4000 for Cloud training; or a Marketing degree; or Google experience.
Border square#: 33  "Google"	Occupation: Google   square#: -1
20220927_185950  DWB: roll
20220927_185950  _evaluate: self.roll()
20220927_185950   DWB  rolled 6 [6]
20220927_185950  execute_occupation_square Google  5 for DWB
20220927_185950    DWB results: 0 Lead online Marketing blitz
Draw 2 EXPERIENCE CARDS
Border square#: 33  "Google"	Occupation: Google   square#: 5
20220927_185954  DWB: roll
20220927_185954  _evaluate: self.roll()
20220927_185954   DWB  rolled 2 [2]
20220927_185954  execute_occupation_square Google  7 for DWB
20220927_185954    DWB results: 0 Make major Python enhancement
 Stars: 6
Border square#: 33  "Google"	Occupation: Google   square#: 7
20220927_190000  DWB: roll
20220927_190000  _evaluate: self.roll()
20220927_190000   DWB  rolled 3 [3]
20220927_190000  execute_occupation_square Google  10 for DWB
20220927_190000    DWB results: 0 Patent new search algorithm
Collect bonus $5000
Border square#: 33  "Google"	Occupation: Google   square#: 10
20220927_190003  DWB: roll
20220927_190003  _evaluate: self.roll()
20220927_190003   DWB  rolled 6 [6]
20220927_190003  DWB Leaving Google, collects 0 Experience cards
20220927_190003  DWB landed on Amtrak  (35)
20220927_190003  DWB: goto 3
20220927_190003  _evaluate: self.goto(3)
20220927_190003  Player DWB passed Payday
Collect Salary as you pass PAYDAY
 Collect DOUBLE if you land here
20220927_190003    DWB results: 0 Player DWB passed Payday
Collect Salary as you pass PAYDAY
 Collect DOUBLE if you land here

Border square#: 3  "Amtrak"
20220927_190003  DWB: roll
20220927_190003  _evaluate: self.roll()
20220927_190003   DWB  rolled 9 [4, 5]
20220927_190003    DWB results: 0 
Border square#: 12  "Amtrak"
20220927_190003    DWB results: 0 DWB Leaving Google, collects 0 Experience cards
DWB landed on Amtrak  (35)
Advance to square 3, Amtrak and roll again
Player DWB passed Payday
Collect Salary as you pass PAYDAY
 Collect DOUBLE if you land here



Border square#: 12  "Amtrak"
20220927_190010  DWB: status
20220927_190010  _evaluate: self.status()
20220927_190010    DWB results: 0 salary:2000, Cash: 10500,  Fame: 6, Happiness: 0, 
Insured: False, Unemployed: False, Sick: True
Success Formula: Money: $50,000  Fame: 40  Happiness: 10
Border square#: 12  "Amtrak"
20220927_190021  DWB: list experience
20220927_190021  _evaluate: self.list("experience")
