20220925_141027  {"gameId":"ZenAlien2013_20220925-141027-426956-18679", "installationId":"ZenAlien2013"}
20220925_141027    admin results: 0 {"gameId":"ZenAlien2013_20220925-141027-426956-18679", "installationId":"ZenAlien2013"}
Border square#: 0  "Payday"
20220925_141027  admin: add player Don DWB 40 10 50
20220925_141027  _evaluate: self.add("player","Don","DWB",40,10,50)
20220925_141027  Player "Don" "DWB number: 0" added
20220925_141027    admin results: 0 Player "Don" "DWB number: 0" added
Border square#: 0  "Payday"
20220925_141027  admin: add player Brian BDB 20 40 40
20220925_141027  _evaluate: self.add("player","Brian","BDB",20,40,40)
20220925_141027  Player "Brian" "BDB number: 1" added
20220925_141027    admin results: 0 Player "Brian" "BDB number: 1" added
Border square#: 0  "Payday"
20220925_141027  admin: start
20220925_141027  _evaluate: self.start()
20220925_141027  Starting game ZenAlien2013_20220925-141027-426956-18679
20220925_141027    admin results: 0 Starting game ZenAlien2013_20220925-141027-426956-18679
Border square#: 0  "Payday"
20220925_141030  DWB: roll
20220925_141030  _evaluate: self.roll()
20220925_141030   DWB  rolled 6 [2, 4]
20220925_141030  DWB landed on TechConvention  (6)
20220925_141030    DWB results: 4 DWB landed on TechConvention  (6)

Border square#: 6  "TechConvention"
20220925_141035  DWB: roll
20220925_141035  _evaluate: self.roll()
20220925_141035   DWB  rolled 5 [4, 1]
20220925_141035  DWB landed on DonateNow  (11)
20220925_141035    DWB results: 0 DWB landed on DonateNow  (11)
danger_square DonateNow execute not yet implemented
Border square#: 11  "DonateNow"
20220925_141038  DWB: next
20220925_141038  _evaluate: self.next()
20220925_141038  game saved to ['C:\\Compile\\careers\\careers\\game\\../../games/ZenAlien2013_20220925-141027-426956-18679_game.pkl']
20220925_141038    DWB results: 0 DWB Turn is complete, BDB's (1) turn 
Border square#: 11  "DonateNow"
20220925_141039  BDB: roll
20220925_141039  _evaluate: self.roll()
20220925_141039   BDB  rolled 7 [4, 3]
20220925_141039  BDB landed on UF  (7)
20220925_141039    BDB results: 0 BDB landed on UF  (7)

Border square#: 7  "UF"
20220925_141044  BDB: next
20220925_141044  _evaluate: self.next()
20220925_141044  game saved to ['C:\\Compile\\careers\\careers\\game\\../../games/ZenAlien2013_20220925-141027-426956-18679_game.pkl']
20220925_141044    BDB results: 0 BDB Turn is complete, DWB's (0) turn 
Border square#: 7  "UF"
20220925_141048  DWB: roll
20220925_141048  _evaluate: self.roll()
20220925_141048   DWB  rolled 8 [4, 4]
20220925_141048  DWB landed on Opportunity  (19)
20220925_141048    DWB results: 0 DWB landed on Opportunity  (19)
Added Opportunity: GOLDEN  OPPORTUNITY to join the Company of your choice
Meet Normal Requirements
Border square#: 19  "Opportunity"
20220925_141051  DWB: next
20220925_141051  _evaluate: self.next()
20220925_141051  game saved to ['C:\\Compile\\careers\\careers\\game\\../../games/ZenAlien2013_20220925-141027-426956-18679_game.pkl']
20220925_141051    DWB results: 0 DWB Turn is complete, BDB's (1) turn 
Border square#: 19  "Opportunity"
20220925_141056  BDB: where am i
20220925_141056  _evaluate: self.where("am","i")
20220925_141056    BDB results: 0 You are on square# 7: UF
Must have $500 tuition. Degrees available:
 Aerospace, Agronomy, Business Admin,
 Computer Science, Hospitality, Journalism, Law,
 Marketing, and Pharmacy
Border square#: 7  "UF"
20220925_141103  BDB: enter UF
20220925_141103  _evaluate: self.enter("UF")
20220925_141103    BDB results: 0 You are on square# 7: UF
Must have $500 tuition. Degrees available:
 Aerospace, Agronomy, Business Admin,
 Computer Science, Hospitality, Journalism, Law,
 Marketing, and Pharmacy
Border square#: 7  "UF"	Occupation: UF   square#: -1
20220925_141108  BDB: roll
20220925_141108  _evaluate: self.roll()
20220925_141108   BDB  rolled 6 [6]
20220925_141108  execute_occupation_square UF  5 for BDB
20220925_141108    BDB results: 0 execute_occupation_square UF  5 for BDB
Border square#: 7  "UF"	Occupation: UF   square#: 5
20220925_141239  BDB: next
20220925_141239  _evaluate: self.next()
20220925_141239  game saved to ['C:\\Compile\\careers\\careers\\game\\../../games/ZenAlien2013_20220925-141027-426956-18679_game.pkl']
20220925_141239    BDB results: 0 BDB Turn is complete, DWB's (0) turn 
Border square#: 7  "UF"	Occupation: UF   square#: 5
20220925_141242  DWB: roll
20220925_141242  _evaluate: self.roll()
20220925_141242   DWB  rolled 12 [6, 6]
20220925_141242  DWB landed on Opportunity  (31)
20220925_141242    DWB results: 0 DWB landed on Opportunity  (31)
Added Opportunity: OPPORTUNITY to join ESPN
Meet Normal Requirements
Border square#: 31  "Opportunity"
20220925_141244  DWB: next
20220925_141244  _evaluate: self.next()
20220925_141244  game saved to ['C:\\Compile\\careers\\careers\\game\\../../games/ZenAlien2013_20220925-141027-426956-18679_game.pkl']
20220925_141244    DWB results: 0 DWB Turn is complete, BDB's (1) turn 
Border square#: 31  "Opportunity"
20220925_141246  BDB: roll
20220925_141246  _evaluate: self.roll()
20220925_141246   BDB  rolled 6 [2, 4]
20220925_141246  BDB landed on Amazon  (13)
20220925_141246    BDB results: 0 BDB landed on Amazon  (13)

Border square#: 13  "Amazon"
20220925_141304  BDB: end
20220925_141304  _evaluate: self.end()
20220925_141304  Ending game: ZenAlien2013_20220925-141027-426956-18679
20220925_141304    BDB results: 2 Game is complete
Border square#: 13  "Amazon"
20220925_141304  Ending game: ZenAlien2013_20220925-141027-426956-18679
