20220925_142439  {"gameId":"ZenAlien2013_20220925-142439-398335-85045", "installationId":"ZenAlien2013"}
20220925_142439    admin results: 0 {"gameId":"ZenAlien2013_20220925-142439-398335-85045", "installationId":"ZenAlien2013"}
Border square#: 0  "Payday"
20220925_142439  admin: add player Don DWB 40 10 50
20220925_142439  _evaluate: self.add("player","Don","DWB",40,10,50)
20220925_142439  Player "Don" "DWB number: 0" added
20220925_142439    admin results: 0 Player "Don" "DWB number: 0" added
Border square#: 0  "Payday"
20220925_142439  admin: start
20220925_142439  _evaluate: self.start()
20220925_142439  Starting game ZenAlien2013_20220925-142439-398335-85045
20220925_142439    admin results: 0 Starting game ZenAlien2013_20220925-142439-398335-85045
Border square#: 0  "Payday"
20220925_142443  DWB: roll
20220925_142443  _evaluate: self.roll()
20220925_142443   DWB  rolled 7 [4, 3]
20220925_142443  DWB landed on UF  (7)
20220925_142443    DWB results: 0 DWB landed on UF  (7)

Border square#: 7  "UF"
20220925_142447  DWB: next
20220925_142447  _evaluate: self.next()
20220925_142447  game saved to ['C:\\Compile\\careers\\careers\\game\\../../games/ZenAlien2013_20220925-142439-398335-85045_game.pkl']
20220925_142447    DWB results: 0 DWB Turn is complete, DWB's (0) turn 
Border square#: 7  "UF"
20220925_142449  DWB: roll
20220925_142449  _evaluate: self.roll()
20220925_142449   DWB  rolled 12 [6, 6]
20220925_142449  DWB landed on Opportunity  (19)
20220925_142449    DWB results: 0 DWB landed on Opportunity  (19)
Added Opportunity: OPPORTUNITY to join Lister & Bacon
Meet Normal Requirements
Border square#: 19  "Opportunity"
20220925_142452  DWB: roll
20220925_142452  _evaluate: self.roll()
20220925_142452   DWB  rolled 7 [5, 2]
20220925_142452  DWB landed on ShoppingSpree  (26)
20220925_142452    DWB results: 0 DWB landed on ShoppingSpree  (26)
danger_square ShoppingSpree execute not yet implemented
Border square#: 26  "ShoppingSpree"
20220925_142454  DWB: roll
20220925_142454  _evaluate: self.roll()
20220925_142454   DWB  rolled 4 [2, 2]
20220925_142454  DWB landed on SpringBreak  (30)
20220925_142454    DWB results: 0 DWB landed on SpringBreak  (30)
Player DWB You are on Spring Break! Collect 6 Hearts for landing here and 3 each time you stay with a roll of 7 or less
 collect 6 hearts
Border square#: 30  "SpringBreak"
20220925_142456  DWB: roll
20220925_142456  _evaluate: self.roll()
20220925_142456   DWB  rolled 10 [6, 4]
20220925_142456  DWB landed on SpaceX  (40)
20220925_142456    DWB results: 0 DWB landed on SpaceX  (40)

Border square#: 40  "SpaceX"
20220925_142506  DWB: list opportunity
20220925_142506  _evaluate: self.list("opportunity")
20220925_142506    DWB results: 0 1.  15: OPPORTUNITY to join Lister & Bacon
Meet Normal Requirements

Border square#: 40  "SpaceX"
20220925_142510  DWB: roll
20220925_142510  _evaluate: self.roll()
20220925_142510   DWB  rolled 8 [6, 2]
20220925_142510  Player DWB passed Payday
Collect Salary as you pass PAYDAY
 Collect DOUBLE if you land here
20220925_142510  DWB landed on TechConvention  (6)
20220925_142510    DWB results: 4 Player DWB passed Payday
Collect Salary as you pass PAYDAY
 Collect DOUBLE if you land here
DWB landed on TechConvention  (6)

Border square#: 6  "TechConvention"
20220925_142517  DWB: status
20220925_142517  _evaluate: self.status()
20220925_142517    DWB results: 0 salary:2000, Cash: 4000,  Fame: 0, Happiness: 6, 
Insured: False, Unemployed: False, Sick: False
Success Formula: Money: $50,000  Fame: 40  Happiness: 10
Border square#: 6  "TechConvention"
20220925_142525  DWB: roll
20220925_142525  _evaluate: self.roll()
20220925_142525   DWB  rolled 3 [2, 1]
20220925_142525  DWB landed on Hospital  (9)
20220925_142525    DWB results: 0 DWB landed on Hospital  (9)
Player DWB: You are LAID UP until you throw 5 or less
or pay the Pharmacist/Paymaster 1/2 your salary for experimental drugs.
Border square#: 9  "Hospital"
20220925_142528  DWB: roll
20220925_142528  _evaluate: self.roll()
20220925_142528   DWB  rolled 10 [6, 4]
20220925_142528  DWB landed on Opportunity  (19)
20220925_142528    DWB results: 0 DWB landed on Opportunity  (19)
Added Opportunity: OPPORTUNITY to buy Insurance
Advance to the Insurance Store and pay $5,000 premium
Border square#: 19  "Opportunity"
20220925_142533  DWB: roll
20220925_142533  _evaluate: self.roll()
20220925_142533   DWB  rolled 6 [1, 5]
20220925_142533  DWB landed on Opportunity  (25)
20220925_142533    DWB results: 0 DWB landed on Opportunity  (25)
Added Opportunity: OPPORTUNITY to Gamble in Las Vegas
Border square#: 25  "Opportunity"
20220925_142535  DWB: roll
20220925_142535  _evaluate: self.roll()
20220925_142535   DWB  rolled 5 [1, 4]
20220925_142535  DWB landed on SpringBreak  (30)
20220925_142535    DWB results: 0 DWB landed on SpringBreak  (30)
Player DWB You are on Spring Break! Collect 6 Hearts for landing here and 3 each time you stay with a roll of 7 or less
 collect 3 hearts
Border square#: 30  "SpringBreak"
20220925_142537  DWB: roll
20220925_142537  _evaluate: self.roll()
20220925_142537   DWB  rolled 10 [6, 4]
20220925_142537  DWB landed on SpaceX  (40)
20220925_142537    DWB results: 0 DWB landed on SpaceX  (40)

Border square#: 40  "SpaceX"
20220925_142540  DWB: roll
20220925_142540  _evaluate: self.roll()
20220925_142540   DWB  rolled 7 [1, 6]
20220925_142540  Player DWB passed Payday
Collect Salary as you pass PAYDAY
 Collect DOUBLE if you land here
20220925_142540  DWB landed on Opportunity  (5)
20220925_142540    DWB results: 0 Player DWB passed Payday
Collect Salary as you pass PAYDAY
 Collect DOUBLE if you land here
DWB landed on Opportunity  (5)
Added Opportunity: OPPORTUNITY to enter the University of Florida
Meet Normal Requirements
Border square#: 5  "Opportunity"
20220925_142550  DWB: list opportunity
20220925_142550  _evaluate: self.list("opportunity")
20220925_142550    DWB results: 0 1.  15: OPPORTUNITY to join Lister & Bacon
Meet Normal Requirements
2.  18: OPPORTUNITY to buy Insurance
Advance to the Insurance Store and pay $5,000 premium
3.  21: OPPORTUNITY to Gamble in Las Vegas
4.  13: OPPORTUNITY to enter the University of Florida
Meet Normal Requirements

Border square#: 5  "Opportunity"
20220925_142600  DWB: use opportunity 13
20220925_142600  _evaluate: self.use("opportunity",13)
20220925_142600  DWB Playing  occupation: OPPORTUNITY to enter the University of Florida
Meet Normal Requirements
20220925_142600    DWB results: 0 DWB Playing  occupation: OPPORTUNITY to enter the University of Florida
Meet Normal Requirements
Border square#: 5  "Opportunity"
20220925_142609  DWB: enter UF
20220925_142609  _evaluate: self.enter("UF")
20220925_142609    DWB results: 0 You are on square# 7: UF
Must have $500 tuition. Degrees available:
 Aerospace, Agronomy, Business Admin,
 Computer Science, Hospitality, Journalism, Law,
 Marketing, and Pharmacy
Border square#: 7  "UF"	Occupation: UF   square#: -1
20220925_142616  DWB: status
20220925_142616  _evaluate: self.status()
20220925_142617    DWB results: 0 salary:2000, Cash: 5500,  Fame: 0, Happiness: 9, 
Insured: False, Unemployed: False, Sick: True
Success Formula: Money: $50,000  Fame: 40  Happiness: 10
Border square#: 7  "UF"	Occupation: UF   square#: -1
20220925_142622  DWB: roll
20220925_142622  _evaluate: self.roll()
20220925_142622   DWB  rolled 4 [4]
20220925_142622  execute_occupation_square UF  3 for DWB
20220925_142622    DWB results: 0 execute_occupation_square UF  3 for DWB
Border square#: 7  "UF"	Occupation: UF   square#: 3
20220925_142628  DWB: where am i
20220925_142628  _evaluate: self.where("am","i")
20220925_142628    DWB results: 0 You are on square# 3 of UF: 'Publish research paper' 

Border square#: 7  "UF"	Occupation: UF   square#: 3
20220925_142717  DWB: roll
20220925_142717  _evaluate: self.roll()
20220925_142717   DWB  rolled 8 [6, 2]
20220925_142717  DWB landed on ESPN  (15)
20220925_142717    DWB results: 1 "self.roll()" : Invalid command format or syntax
'OpportunityCard' object has no attribute 'name'
Border square#: 15  "ESPN"
20220925_143607  DWB: end
20220925_143607  _evaluate: self.end()
20220925_143607  Ending game: ZenAlien2013_20220925-142439-398335-85045
20220925_143607    DWB results: 2 Game is complete
Border square#: 15  "ESPN"
20220925_143607  Ending game: ZenAlien2013_20220925-142439-398335-85045
