20220927_154943  {"gameId":"ZenAlien2013_20220927-154943-388184-97573", "installationId":"ZenAlien2013"}
20220927_154943    admin results: 0 {"gameId":"ZenAlien2013_20220927-154943-388184-97573", "installationId":"ZenAlien2013"}
Border square#: 0  "Payday"
20220927_154943  admin: add player Don DWB 40 10 50
20220927_154943  _evaluate: self.add("player","Don","DWB",40,10,50)
20220927_154943  Player "Don" "DWB number: 0" added
20220927_154943    admin results: 0 Player "Don" "DWB number: 0" added
Border square#: 0  "Payday"
20220927_154943  admin: start
20220927_154943  _evaluate: self.start()
20220927_154943  Starting game ZenAlien2013_20220927-154943-388184-97573
20220927_154943    admin results: 0 Starting game ZenAlien2013_20220927-154943-388184-97573
Border square#: 0  "Payday"
20220927_162537  DWB: roll
20220927_162537  _evaluate: self.roll()
20220927_162537   DWB  rolled 7 [4, 3]
20220927_162537  DWB landed on UF  (7)
20220927_162537    DWB results: 0 DWB landed on UF  (7)

Border square#: 7  "UF"
20220927_162542  DWB: enter UF
20220927_162542  _evaluate: self.enter("UF")
20220927_162542    DWB results: 0 You are on square# 7: UF
Must have $500 tuition. Degrees available:
 Aerospace, Agronomy, Business Admin,
 Computer Science, Hospitality, Journalism, Law,
 Marketing, and Pharmacy
Border square#: 7  "UF"	Occupation: UF   square#: -1
20220927_162548  DWB: roll
20220927_162548  _evaluate: self.roll()
20220927_162548   DWB  rolled 5 [5]
20220927_162548  execute_occupation_square UF  4 for DWB
20220927_162548    DWB results: 0 execute_occupation_square UF  4 for DWB
Border square#: 7  "UF"	Occupation: UF   square#: 4
20220927_162659  DWB: status
20220927_162659  _evaluate: self.status()
20220927_162659    DWB results: 0 salary:2000, Cash: 1500,  Fame: 0, Happiness: 0, 
Insured: False, Unemployed: False, Sick: False
Success Formula: Money: $50,000  Fame: 40  Happiness: 10
Border square#: 7  "UF"	Occupation: UF   square#: 4
20220927_162706  DWB: list opportunity
20220927_162706  _evaluate: self.list("opportunity")
20220927_162706    DWB results: 0 No Opportunity cards

Border square#: 7  "UF"	Occupation: UF   square#: 4
20220927_162711  DWB: roll
20220927_162711  _evaluate: self.roll()
20220927_162711   DWB  rolled 4 [4]
20220927_162711  execute_occupation_square UF  8 for DWB
20220927_162711    DWB results: 0 execute_occupation_square UF  8 for DWB
Border square#: 7  "UF"	Occupation: UF   square#: 8
20220927_162827  DWB: end
20220927_162827  _evaluate: self.end()
20220927_162827  Ending game: ZenAlien2013_20220927-154943-388184-97573
20220927_162827    DWB results: 2 Game is complete
Border square#: 7  "UF"	Occupation: UF   square#: 8
20220927_162827  Ending game: ZenAlien2013_20220927-154943-388184-97573
