20220927_185652  {"gameId":"ZenAlien2013_20220927-185652-329432-46141", "installationId":"ZenAlien2013"}
20220927_185652    admin results: 0 {"gameId":"ZenAlien2013_20220927-185652-329432-46141", "installationId":"ZenAlien2013"}
Border square#: 0  "Payday"
20220927_185652  admin: add player Don DWB 40 10 50
20220927_185652  _evaluate: self.add("player","Don","DWB",40,10,50)
20220927_185652  Player "Don" "DWB number: 0" added
20220927_185652    admin results: 0 Player "Don" "DWB number: 0" added
Border square#: 0  "Payday"
20220927_185652  admin: start
20220927_185652  _evaluate: self.start()
20220927_185652  Starting game ZenAlien2013_20220927-185652-329432-46141
20220927_185652    admin results: 0 Starting game ZenAlien2013_20220927-185652-329432-46141
Border square#: 0  "Payday"
20220927_185656  DWB: roll
20220927_185656  _evaluate: self.roll()
20220927_185656   DWB  rolled 6 [3, 3]
20220927_185656  DWB landed on TechConvention  (6)
20220927_185656    DWB results: 4 DWB landed on TechConvention  (6)

Border square#: 6  "TechConvention"
20220927_185701  DWB: goto 7
20220927_185701  _evaluate: self.goto(7)
20220927_185701  DWB landed on UF  (7)
20220927_185701    DWB results: 0 DWB landed on UF  (7)

Border square#: 7  "UF"
20220927_185705  DWB: enter UF
20220927_185705  _evaluate: self.enter("UF")
20220927_185705    DWB results: 0 You are on square# 7: UF
Must have $500 tuition. Degrees available:
 Aerospace, Agronomy, Business Admin,
 Computer Science, Hospitality, Journalism, Law,
 Marketing, and Pharmacy
Border square#: 7  "UF"	Occupation: UF   square#: -1
20220927_185708  DWB: roll
20220927_185708  _evaluate: self.roll()
20220927_185708   DWB  rolled 4 [4]
20220927_185708  execute_occupation_square UF  3 for DWB
20220927_185708    DWB results: 0 Publish research paper
 Stars: 4
Border square#: 7  "UF"	Occupation: UF   square#: 3
20220927_185713  DWB: roll
20220927_185713  _evaluate: self.roll()
20220927_185713   DWB  rolled 6 [6]
20220927_185713  execute_occupation_square UF  9 for DWB
20220927_185713    DWB results: 0 4.0 GPA
Draw 2 OPPORTUNITY CARDS
Border square#: 7  "UF"	Occupation: UF   square#: 9
20220927_185726  DWB: list opportunity
20220927_185726  _evaluate: self.list("opportunity")
20220927_185726    DWB results: 0 1.  19: OPPORTUNITY to go on Spring Break!
2.  26: Get out of Unemployment free
Play this card to immediately leave Unemployment.

Border square#: 7  "UF"	Occupation: UF   square#: 9
20220927_185730  DWB: rol
20220927_185730    DWB results: 1 Invalid command: rol
Border square#: 7  "UF"	Occupation: UF   square#: 9
20220927_185732  DWB: roll
20220927_185732  _evaluate: self.roll()
20220927_185732   DWB  rolled 4 [4]
20220927_185732  DWB Leaving UF, collects 0 Experience cards
20220927_185732  DWB landed on Amtrak  (12)
20220927_185732  DWB: goto 22
20220927_185732  _evaluate: self.goto(22)
20220927_185732    DWB results: 0 
Border square#: 22  "Amtrak"
20220927_185732  DWB: roll
20220927_185732  _evaluate: self.roll()
20220927_185732   DWB  rolled 3 [1, 2]
20220927_185732  DWB landed on Opportunity  (25)
20220927_185732    DWB results: 0 DWB landed on Opportunity  (25)
Added Opportunity: OPPORTUNITY to join Lister & Bacon
Meet Normal Requirements
Border square#: 25  "Opportunity"
20220927_185732    DWB results: 0 DWB Leaving UF, collects 0 Experience cards
DWB landed on Amtrak  (12)
Advance to square 22, Amtrak and roll again

DWB landed on Opportunity  (25)
Added Opportunity: OPPORTUNITY to join Lister & Bacon
Meet Normal Requirements

Border square#: 25  "Opportunity"
20220927_185734  DWB: roll
20220927_185734  _evaluate: self.roll()
20220927_185734   DWB  rolled 7 [3, 4]
20220927_185734  DWB landed on GambleInVegas  (32)
20220927_185734    DWB results: 4 DWB landed on GambleInVegas  (32)

Border square#: 32  "GambleInVegas"
20220927_185737  DWB: roll
20220927_185737  _evaluate: self.roll()
20220927_185737   DWB  rolled 7 [2, 5]
20220927_185737  DWB landed on VintageCars  (39)
20220927_185737    DWB results: 4 DWB landed on VintageCars  (39)

Border square#: 39  "VintageCars"
20220927_185739  DWB: roll
20220927_185739  _evaluate: self.roll()
20220927_185739   DWB  rolled 5 [2, 3]
20220927_185739  Player DWB passed Payday
Collect Salary as you pass PAYDAY
 Collect DOUBLE if you land here
20220927_185739  DWB landed on IncomeTax  (2)
20220927_185739    DWB results: 0 Player DWB passed Payday
Collect Salary as you pass PAYDAY
 Collect DOUBLE if you land here
DWB landed on IncomeTax  (2)
danger_square IncomeTax execute not yet implemented
Border square#: 2  "IncomeTax"
20220927_185742  DWB: roll
20220927_185742  _evaluate: self.roll()
20220927_185742   DWB  rolled 7 [2, 5]
20220927_185742  DWB landed on Hospital  (9)
20220927_185742    DWB results: 0 DWB landed on Hospital  (9)
Player DWB: You are LAID UP until you throw 5 or less
or pay the Pharmacist/Paymaster 1/2 your salary for experimental drugs.
Border square#: 9  "Hospital"
20220927_185746  DWB: roll
20220927_185746  _evaluate: self.roll()
20220927_185746   DWB  rolled 4 [3, 1]
20220927_185746  DWB landed on Amazon  (13)
20220927_185746    DWB results: 0 DWB landed on Amazon  (13)

Border square#: 13  "Amazon"
20220927_185751  DWB: enter Amazon
20220927_185751  _evaluate: self.enter("Amazon")
20220927_185751    DWB results: 0 You are on square# 13: Amazon
Must have $1000 for AWS training; or Computer Science Degree; or Amazon experience
Border square#: 13  "Amazon"	Occupation: Amazon   square#: -1
20220927_185754  DWB: roll
20220927_185754  _evaluate: self.roll()
20220927_185754   DWB  rolled 4 [4]
20220927_185754  execute_occupation_square Amazon  3 for DWB
20220927_185754    DWB results: 0 Code requires all-nighter to fix
Lose next turn
Border square#: 13  "Amazon"	Occupation: Amazon   square#: 3
20220927_185757  DWB: roll
20220927_185757  _evaluate: self.roll()
20220927_185757   DWB  rolled 2 [2]
20220927_185757  execute_occupation_square Amazon  5 for DWB
20220927_185757    DWB results: 0 AMZN stock slumps
Cut salary by 1/2
Border square#: 13  "Amazon"	Occupation: Amazon   square#: 5
20220927_185801  DWB: roll
20220927_185801  _evaluate: self.roll()
20220927_185801   DWB  rolled 6 [6]
20220927_185801  execute_occupation_square Amazon  11 for DWB
